<?xml version="1.0" encoding="UTF-8"?>
<testsuite xmlns:xsi="http://www.w3.org/2001/XMLSchema-instance" xsi:noNamespaceSchemaLocation="https://maven.apache.org/surefire/maven-surefire-plugin/xsd/surefire-test-report-3.0.xsd" version="3.0" name="TestSuite" time="20.291" tests="3" errors="0" skipped="0" failures="1">
  <properties>
    <property name="java.specification.version" value="23"/>
    <property name="sun.jnu.encoding" value="UTF-8"/>
    <property name="java.class.path" value="/Users/tanishakothiyal/eclipse-workspace/AutomationPractice/target/test-classes:/Users/tanishakothiyal/eclipse-workspace/AutomationPractice/target/classes:/Users/tanishakothiyal/.m2/repository/org/seleniumhq/selenium/selenium-java/4.31.0/selenium-java-4.31.0.jar:/Users/tanishakothiyal/.m2/repository/org/seleniumhq/selenium/selenium-api/4.31.0/selenium-api-4.31.0.jar:/Users/tanishakothiyal/.m2/repository/org/jspecify/jspecify/1.0.0/jspecify-1.0.0.jar:/Users/tanishakothiyal/.m2/repository/org/seleniumhq/selenium/selenium-chrome-driver/4.31.0/selenium-chrome-driver-4.31.0.jar:/Users/tanishakothiyal/.m2/repository/com/google/auto/service/auto-service-annotations/1.1.1/auto-service-annotations-1.1.1.jar:/Users/tanishakothiyal/.m2/repository/org/seleniumhq/selenium/selenium-chromium-driver/4.31.0/selenium-chromium-driver-4.31.0.jar:/Users/tanishakothiyal/.m2/repository/org/seleniumhq/selenium/selenium-json/4.31.0/selenium-json-4.31.0.jar:/Users/tanishakothiyal/.m2/repository/org/seleniumhq/selenium/selenium-manager/4.31.0/selenium-manager-4.31.0.jar:/Users/tanishakothiyal/.m2/repository/org/seleniumhq/selenium/selenium-devtools-v133/4.31.0/selenium-devtools-v133-4.31.0.jar:/Users/tanishakothiyal/.m2/repository/org/seleniumhq/selenium/selenium-devtools-v134/4.31.0/selenium-devtools-v134-4.31.0.jar:/Users/tanishakothiyal/.m2/repository/org/seleniumhq/selenium/selenium-devtools-v135/4.31.0/selenium-devtools-v135-4.31.0.jar:/Users/tanishakothiyal/.m2/repository/org/seleniumhq/selenium/selenium-edge-driver/4.31.0/selenium-edge-driver-4.31.0.jar:/Users/tanishakothiyal/.m2/repository/org/seleniumhq/selenium/selenium-firefox-driver/4.31.0/selenium-firefox-driver-4.31.0.jar:/Users/tanishakothiyal/.m2/repository/org/seleniumhq/selenium/selenium-http/4.31.0/selenium-http-4.31.0.jar:/Users/tanishakothiyal/.m2/repository/org/seleniumhq/selenium/selenium-ie-driver/4.31.0/selenium-ie-driver-4.31.0.jar:/Users/tanishakothiyal/.m2/repository/org/seleniumhq/selenium/selenium-remote-driver/4.31.0/selenium-remote-driver-4.31.0.jar:/Users/tanishakothiyal/.m2/repository/com/google/guava/guava/33.4.6-jre/guava-33.4.6-jre.jar:/Users/tanishakothiyal/.m2/repository/com/google/guava/failureaccess/1.0.3/failureaccess-1.0.3.jar:/Users/tanishakothiyal/.m2/repository/com/google/guava/listenablefuture/9999.0-empty-to-avoid-conflict-with-guava/listenablefuture-9999.0-empty-to-avoid-conflict-with-guava.jar:/Users/tanishakothiyal/.m2/repository/com/google/j2objc/j2objc-annotations/3.0.0/j2objc-annotations-3.0.0.jar:/Users/tanishakothiyal/.m2/repository/io/opentelemetry/opentelemetry-api/1.48.0/opentelemetry-api-1.48.0.jar:/Users/tanishakothiyal/.m2/repository/io/opentelemetry/opentelemetry-context/1.48.0/opentelemetry-context-1.48.0.jar:/Users/tanishakothiyal/.m2/repository/io/opentelemetry/opentelemetry-exporter-logging/1.48.0/opentelemetry-exporter-logging-1.48.0.jar:/Users/tanishakothiyal/.m2/repository/io/opentelemetry/opentelemetry-sdk-common/1.48.0/opentelemetry-sdk-common-1.48.0.jar:/Users/tanishakothiyal/.m2/repository/io/opentelemetry/opentelemetry-sdk-extension-autoconfigure-spi/1.48.0/opentelemetry-sdk-extension-autoconfigure-spi-1.48.0.jar:/Users/tanishakothiyal/.m2/repository/io/opentelemetry/opentelemetry-sdk-extension-autoconfigure/1.48.0/opentelemetry-sdk-extension-autoconfigure-1.48.0.jar:/Users/tanishakothiyal/.m2/repository/io/opentelemetry/opentelemetry-sdk-trace/1.48.0/opentelemetry-sdk-trace-1.48.0.jar:/Users/tanishakothiyal/.m2/repository/io/opentelemetry/opentelemetry-sdk/1.48.0/opentelemetry-sdk-1.48.0.jar:/Users/tanishakothiyal/.m2/repository/io/opentelemetry/opentelemetry-sdk-metrics/1.48.0/opentelemetry-sdk-metrics-1.48.0.jar:/Users/tanishakothiyal/.m2/repository/io/opentelemetry/opentelemetry-sdk-logs/1.48.0/opentelemetry-sdk-logs-1.48.0.jar:/Users/tanishakothiyal/.m2/repository/net/bytebuddy/byte-buddy/1.17.5/byte-buddy-1.17.5.jar:/Users/tanishakothiyal/.m2/repository/org/seleniumhq/selenium/selenium-os/4.31.0/selenium-os-4.31.0.jar:/Users/tanishakothiyal/.m2/repository/org/apache/commons/commons-exec/1.4.0/commons-exec-1.4.0.jar:/Users/tanishakothiyal/.m2/repository/org/seleniumhq/selenium/selenium-safari-driver/4.31.0/selenium-safari-driver-4.31.0.jar:/Users/tanishakothiyal/.m2/repository/org/seleniumhq/selenium/selenium-support/4.31.0/selenium-support-4.31.0.jar:/Users/tanishakothiyal/.m2/repository/org/testng/testng/7.11.0/testng-7.11.0.jar:/Users/tanishakothiyal/.m2/repository/org/slf4j/slf4j-api/2.0.16/slf4j-api-2.0.16.jar:/Users/tanishakothiyal/.m2/repository/org/jcommander/jcommander/1.83/jcommander-1.83.jar:/Users/tanishakothiyal/.m2/repository/org/webjars/jquery/3.7.1/jquery-3.7.1.jar:/Users/tanishakothiyal/.m2/repository/io/cucumber/cucumber-java/7.22.0/cucumber-java-7.22.0.jar:/Users/tanishakothiyal/.m2/repository/io/cucumber/cucumber-core/7.22.0/cucumber-core-7.22.0.jar:/Users/tanishakothiyal/.m2/repository/io/cucumber/cucumber-gherkin/7.22.0/cucumber-gherkin-7.22.0.jar:/Users/tanishakothiyal/.m2/repository/io/cucumber/cucumber-gherkin-messages/7.22.0/cucumber-gherkin-messages-7.22.0.jar:/Users/tanishakothiyal/.m2/repository/io/cucumber/messages/27.2.0/messages-27.2.0.jar:/Users/tanishakothiyal/.m2/repository/io/cucumber/testng-xml-formatter/0.3.1/testng-xml-formatter-0.3.1.jar:/Users/tanishakothiyal/.m2/repository/io/cucumber/query/13.2.0/query-13.2.0.jar:/Users/tanishakothiyal/.m2/repository/io/cucumber/tag-expressions/6.1.2/tag-expressions-6.1.2.jar:/Users/tanishakothiyal/.m2/repository/io/cucumber/cucumber-expressions/18.0.1/cucumber-expressions-18.0.1.jar:/Users/tanishakothiyal/.m2/repository/io/cucumber/datatable/7.22.0/datatable-7.22.0.jar:/Users/tanishakothiyal/.m2/repository/io/cucumber/cucumber-plugin/7.22.0/cucumber-plugin-7.22.0.jar:/Users/tanishakothiyal/.m2/repository/io/cucumber/docstring/7.22.0/docstring-7.22.0.jar:/Users/tanishakothiyal/.m2/repository/io/cucumber/html-formatter/21.10.0/html-formatter-21.10.0.jar:/Users/tanishakothiyal/.m2/repository/io/cucumber/junit-xml-formatter/0.7.1/junit-xml-formatter-0.7.1.jar:/Users/tanishakothiyal/.m2/repository/io/cucumber/ci-environment/10.0.1/ci-environment-10.0.1.jar:/Users/tanishakothiyal/.m2/repository/org/apiguardian/apiguardian-api/1.1.2/apiguardian-api-1.1.2.jar:/Users/tanishakothiyal/.m2/repository/io/cucumber/cucumber-testng/7.22.0/cucumber-testng-7.22.0.jar:/Users/tanishakothiyal/.m2/repository/io/github/bonigarcia/webdrivermanager/6.0.1/webdrivermanager-6.0.1.jar:/Users/tanishakothiyal/.m2/repository/com/google/code/gson/gson/2.12.1/gson-2.12.1.jar:/Users/tanishakothiyal/.m2/repository/com/google/errorprone/error_prone_annotations/2.36.0/error_prone_annotations-2.36.0.jar:/Users/tanishakothiyal/.m2/repository/com/github/docker-java/docker-java/3.5.0/docker-java-3.5.0.jar:/Users/tanishakothiyal/.m2/repository/com/github/docker-java/docker-java-core/3.5.0/docker-java-core-3.5.0.jar:/Users/tanishakothiyal/.m2/repository/com/github/docker-java/docker-java-api/3.5.0/docker-java-api-3.5.0.jar:/Users/tanishakothiyal/.m2/repository/com/fasterxml/jackson/core/jackson-annotations/2.18.3/jackson-annotations-2.18.3.jar:/Users/tanishakothiyal/.m2/repository/com/fasterxml/jackson/core/jackson-databind/2.18.3/jackson-databind-2.18.3.jar:/Users/tanishakothiyal/.m2/repository/com/fasterxml/jackson/core/jackson-core/2.18.3/jackson-core-2.18.3.jar:/Users/tanishakothiyal/.m2/repository/org/slf4j/jcl-over-slf4j/1.7.30/jcl-over-slf4j-1.7.30.jar:/Users/tanishakothiyal/.m2/repository/com/github/docker-java/docker-java-transport-httpclient5/3.5.0/docker-java-transport-httpclient5-3.5.0.jar:/Users/tanishakothiyal/.m2/repository/com/github/docker-java/docker-java-transport/3.5.0/docker-java-transport-3.5.0.jar:/Users/tanishakothiyal/.m2/repository/net/java/dev/jna/jna/5.17.0/jna-5.17.0.jar:/Users/tanishakothiyal/.m2/repository/org/brotli/dec/0.1.2/dec-0.1.2.jar:/Users/tanishakothiyal/.m2/repository/org/apache/commons/commons-lang3/3.17.0/commons-lang3-3.17.0.jar:/Users/tanishakothiyal/.m2/repository/org/apache/commons/commons-compress/1.27.1/commons-compress-1.27.1.jar:/Users/tanishakothiyal/.m2/repository/commons-codec/commons-codec/1.17.1/commons-codec-1.17.1.jar:/Users/tanishakothiyal/.m2/repository/commons-io/commons-io/2.16.1/commons-io-2.16.1.jar:/Users/tanishakothiyal/.m2/repository/org/apache/httpcomponents/client5/httpclient5/5.4.3/httpclient5-5.4.3.jar:/Users/tanishakothiyal/.m2/repository/org/apache/httpcomponents/core5/httpcore5/5.3.4/httpcore5-5.3.4.jar:/Users/tanishakothiyal/.m2/repository/org/apache/httpcomponents/core5/httpcore5-h2/5.3.4/httpcore5-h2-5.3.4.jar:/Users/tanishakothiyal/.m2/repository/io/qameta/allure/allure-testng/2.29.1/allure-testng-2.29.1.jar:/Users/tanishakothiyal/.m2/repository/io/qameta/allure/allure-java-commons/2.29.1/allure-java-commons-2.29.1.jar:/Users/tanishakothiyal/.m2/repository/io/qameta/allure/allure-model/2.29.1/allure-model-2.29.1.jar:/Users/tanishakothiyal/.m2/repository/io/qameta/allure/allure-test-filter/2.29.1/allure-test-filter-2.29.1.jar:/Users/tanishakothiyal/.m2/repository/io/qameta/allure/allure-cucumber7-jvm/2.24.0/allure-cucumber7-jvm-2.24.0.jar:/Users/tanishakothiyal/.m2/repository/io/cucumber/gherkin/26.2.0/gherkin-26.2.0.jar:/Users/tanishakothiyal/.m2/repository/org/slf4j/slf4j-simple/2.0.9/slf4j-simple-2.0.9.jar:/Users/tanishakothiyal/.m2/repository/io/rest-assured/rest-assured/5.5.0/rest-assured-5.5.0.jar:/Users/tanishakothiyal/.m2/repository/org/apache/groovy/groovy/4.0.22/groovy-4.0.22.jar:/Users/tanishakothiyal/.m2/repository/org/apache/groovy/groovy-xml/4.0.22/groovy-xml-4.0.22.jar:/Users/tanishakothiyal/.m2/repository/org/apache/httpcomponents/httpclient/4.5.13/httpclient-4.5.13.jar:/Users/tanishakothiyal/.m2/repository/org/apache/httpcomponents/httpcore/4.4.13/httpcore-4.4.13.jar:/Users/tanishakothiyal/.m2/repository/commons-logging/commons-logging/1.2/commons-logging-1.2.jar:/Users/tanishakothiyal/.m2/repository/org/apache/httpcomponents/httpmime/4.5.13/httpmime-4.5.13.jar:/Users/tanishakothiyal/.m2/repository/org/hamcrest/hamcrest/2.2/hamcrest-2.2.jar:/Users/tanishakothiyal/.m2/repository/org/ccil/cowan/tagsoup/tagsoup/1.2.1/tagsoup-1.2.1.jar:/Users/tanishakothiyal/.m2/repository/io/rest-assured/json-path/5.5.0/json-path-5.5.0.jar:/Users/tanishakothiyal/.m2/repository/org/apache/groovy/groovy-json/4.0.22/groovy-json-4.0.22.jar:/Users/tanishakothiyal/.m2/repository/io/rest-assured/rest-assured-common/5.5.0/rest-assured-common-5.5.0.jar:/Users/tanishakothiyal/.m2/repository/io/rest-assured/xml-path/5.5.0/xml-path-5.5.0.jar:"/>
    <property name="java.vm.vendor" value="Homebrew"/>
    <property name="sun.arch.data.model" value="64"/>
    <property name="java.vendor.url" value="https://github.com/Homebrew/homebrew-core/issues"/>
    <property name="user.timezone" value="Asia/Kolkata"/>
    <property name="os.name" value="Mac OS X"/>
    <property name="java.vm.specification.version" value="23"/>
    <property name="sun.java.launcher" value="SUN_STANDARD"/>
    <property name="user.country" value="IN"/>
    <property name="sun.boot.library.path" value="/opt/homebrew/Cellar/openjdk/23.0.2/libexec/openjdk.jdk/Contents/Home/lib"/>
    <property name="sun.java.command" value="/Users/tanishakothiyal/eclipse-workspace/AutomationPractice/target/surefire/surefirebooter-20250417132916064_3.jar /Users/tanishakothiyal/eclipse-workspace/AutomationPractice/target/surefire 2025-04-17T13-29-16_012-jvmRun1 surefire-20250417132916064_1tmp surefire_0-20250417132916064_2tmp"/>
    <property name="http.nonProxyHosts" value="local|*.local|169.254/16|*.169.254/16"/>
    <property name="jdk.debug" value="release"/>
    <property name="surefire.test.class.path" value="/Users/tanishakothiyal/eclipse-workspace/AutomationPractice/target/test-classes:/Users/tanishakothiyal/eclipse-workspace/AutomationPractice/target/classes:/Users/tanishakothiyal/.m2/repository/org/seleniumhq/selenium/selenium-java/4.31.0/selenium-java-4.31.0.jar:/Users/tanishakothiyal/.m2/repository/org/seleniumhq/selenium/selenium-api/4.31.0/selenium-api-4.31.0.jar:/Users/tanishakothiyal/.m2/repository/org/jspecify/jspecify/1.0.0/jspecify-1.0.0.jar:/Users/tanishakothiyal/.m2/repository/org/seleniumhq/selenium/selenium-chrome-driver/4.31.0/selenium-chrome-driver-4.31.0.jar:/Users/tanishakothiyal/.m2/repository/com/google/auto/service/auto-service-annotations/1.1.1/auto-service-annotations-1.1.1.jar:/Users/tanishakothiyal/.m2/repository/org/seleniumhq/selenium/selenium-chromium-driver/4.31.0/selenium-chromium-driver-4.31.0.jar:/Users/tanishakothiyal/.m2/repository/org/seleniumhq/selenium/selenium-json/4.31.0/selenium-json-4.31.0.jar:/Users/tanishakothiyal/.m2/repository/org/seleniumhq/selenium/selenium-manager/4.31.0/selenium-manager-4.31.0.jar:/Users/tanishakothiyal/.m2/repository/org/seleniumhq/selenium/selenium-devtools-v133/4.31.0/selenium-devtools-v133-4.31.0.jar:/Users/tanishakothiyal/.m2/repository/org/seleniumhq/selenium/selenium-devtools-v134/4.31.0/selenium-devtools-v134-4.31.0.jar:/Users/tanishakothiyal/.m2/repository/org/seleniumhq/selenium/selenium-devtools-v135/4.31.0/selenium-devtools-v135-4.31.0.jar:/Users/tanishakothiyal/.m2/repository/org/seleniumhq/selenium/selenium-edge-driver/4.31.0/selenium-edge-driver-4.31.0.jar:/Users/tanishakothiyal/.m2/repository/org/seleniumhq/selenium/selenium-firefox-driver/4.31.0/selenium-firefox-driver-4.31.0.jar:/Users/tanishakothiyal/.m2/repository/org/seleniumhq/selenium/selenium-http/4.31.0/selenium-http-4.31.0.jar:/Users/tanishakothiyal/.m2/repository/org/seleniumhq/selenium/selenium-ie-driver/4.31.0/selenium-ie-driver-4.31.0.jar:/Users/tanishakothiyal/.m2/repository/org/seleniumhq/selenium/selenium-remote-driver/4.31.0/selenium-remote-driver-4.31.0.jar:/Users/tanishakothiyal/.m2/repository/com/google/guava/guava/33.4.6-jre/guava-33.4.6-jre.jar:/Users/tanishakothiyal/.m2/repository/com/google/guava/failureaccess/1.0.3/failureaccess-1.0.3.jar:/Users/tanishakothiyal/.m2/repository/com/google/guava/listenablefuture/9999.0-empty-to-avoid-conflict-with-guava/listenablefuture-9999.0-empty-to-avoid-conflict-with-guava.jar:/Users/tanishakothiyal/.m2/repository/com/google/j2objc/j2objc-annotations/3.0.0/j2objc-annotations-3.0.0.jar:/Users/tanishakothiyal/.m2/repository/io/opentelemetry/opentelemetry-api/1.48.0/opentelemetry-api-1.48.0.jar:/Users/tanishakothiyal/.m2/repository/io/opentelemetry/opentelemetry-context/1.48.0/opentelemetry-context-1.48.0.jar:/Users/tanishakothiyal/.m2/repository/io/opentelemetry/opentelemetry-exporter-logging/1.48.0/opentelemetry-exporter-logging-1.48.0.jar:/Users/tanishakothiyal/.m2/repository/io/opentelemetry/opentelemetry-sdk-common/1.48.0/opentelemetry-sdk-common-1.48.0.jar:/Users/tanishakothiyal/.m2/repository/io/opentelemetry/opentelemetry-sdk-extension-autoconfigure-spi/1.48.0/opentelemetry-sdk-extension-autoconfigure-spi-1.48.0.jar:/Users/tanishakothiyal/.m2/repository/io/opentelemetry/opentelemetry-sdk-extension-autoconfigure/1.48.0/opentelemetry-sdk-extension-autoconfigure-1.48.0.jar:/Users/tanishakothiyal/.m2/repository/io/opentelemetry/opentelemetry-sdk-trace/1.48.0/opentelemetry-sdk-trace-1.48.0.jar:/Users/tanishakothiyal/.m2/repository/io/opentelemetry/opentelemetry-sdk/1.48.0/opentelemetry-sdk-1.48.0.jar:/Users/tanishakothiyal/.m2/repository/io/opentelemetry/opentelemetry-sdk-metrics/1.48.0/opentelemetry-sdk-metrics-1.48.0.jar:/Users/tanishakothiyal/.m2/repository/io/opentelemetry/opentelemetry-sdk-logs/1.48.0/opentelemetry-sdk-logs-1.48.0.jar:/Users/tanishakothiyal/.m2/repository/net/bytebuddy/byte-buddy/1.17.5/byte-buddy-1.17.5.jar:/Users/tanishakothiyal/.m2/repository/org/seleniumhq/selenium/selenium-os/4.31.0/selenium-os-4.31.0.jar:/Users/tanishakothiyal/.m2/repository/org/apache/commons/commons-exec/1.4.0/commons-exec-1.4.0.jar:/Users/tanishakothiyal/.m2/repository/org/seleniumhq/selenium/selenium-safari-driver/4.31.0/selenium-safari-driver-4.31.0.jar:/Users/tanishakothiyal/.m2/repository/org/seleniumhq/selenium/selenium-support/4.31.0/selenium-support-4.31.0.jar:/Users/tanishakothiyal/.m2/repository/org/testng/testng/7.11.0/testng-7.11.0.jar:/Users/tanishakothiyal/.m2/repository/org/slf4j/slf4j-api/2.0.16/slf4j-api-2.0.16.jar:/Users/tanishakothiyal/.m2/repository/org/jcommander/jcommander/1.83/jcommander-1.83.jar:/Users/tanishakothiyal/.m2/repository/org/webjars/jquery/3.7.1/jquery-3.7.1.jar:/Users/tanishakothiyal/.m2/repository/io/cucumber/cucumber-java/7.22.0/cucumber-java-7.22.0.jar:/Users/tanishakothiyal/.m2/repository/io/cucumber/cucumber-core/7.22.0/cucumber-core-7.22.0.jar:/Users/tanishakothiyal/.m2/repository/io/cucumber/cucumber-gherkin/7.22.0/cucumber-gherkin-7.22.0.jar:/Users/tanishakothiyal/.m2/repository/io/cucumber/cucumber-gherkin-messages/7.22.0/cucumber-gherkin-messages-7.22.0.jar:/Users/tanishakothiyal/.m2/repository/io/cucumber/messages/27.2.0/messages-27.2.0.jar:/Users/tanishakothiyal/.m2/repository/io/cucumber/testng-xml-formatter/0.3.1/testng-xml-formatter-0.3.1.jar:/Users/tanishakothiyal/.m2/repository/io/cucumber/query/13.2.0/query-13.2.0.jar:/Users/tanishakothiyal/.m2/repository/io/cucumber/tag-expressions/6.1.2/tag-expressions-6.1.2.jar:/Users/tanishakothiyal/.m2/repository/io/cucumber/cucumber-expressions/18.0.1/cucumber-expressions-18.0.1.jar:/Users/tanishakothiyal/.m2/repository/io/cucumber/datatable/7.22.0/datatable-7.22.0.jar:/Users/tanishakothiyal/.m2/repository/io/cucumber/cucumber-plugin/7.22.0/cucumber-plugin-7.22.0.jar:/Users/tanishakothiyal/.m2/repository/io/cucumber/docstring/7.22.0/docstring-7.22.0.jar:/Users/tanishakothiyal/.m2/repository/io/cucumber/html-formatter/21.10.0/html-formatter-21.10.0.jar:/Users/tanishakothiyal/.m2/repository/io/cucumber/junit-xml-formatter/0.7.1/junit-xml-formatter-0.7.1.jar:/Users/tanishakothiyal/.m2/repository/io/cucumber/ci-environment/10.0.1/ci-environment-10.0.1.jar:/Users/tanishakothiyal/.m2/repository/org/apiguardian/apiguardian-api/1.1.2/apiguardian-api-1.1.2.jar:/Users/tanishakothiyal/.m2/repository/io/cucumber/cucumber-testng/7.22.0/cucumber-testng-7.22.0.jar:/Users/tanishakothiyal/.m2/repository/io/github/bonigarcia/webdrivermanager/6.0.1/webdrivermanager-6.0.1.jar:/Users/tanishakothiyal/.m2/repository/com/google/code/gson/gson/2.12.1/gson-2.12.1.jar:/Users/tanishakothiyal/.m2/repository/com/google/errorprone/error_prone_annotations/2.36.0/error_prone_annotations-2.36.0.jar:/Users/tanishakothiyal/.m2/repository/com/github/docker-java/docker-java/3.5.0/docker-java-3.5.0.jar:/Users/tanishakothiyal/.m2/repository/com/github/docker-java/docker-java-core/3.5.0/docker-java-core-3.5.0.jar:/Users/tanishakothiyal/.m2/repository/com/github/docker-java/docker-java-api/3.5.0/docker-java-api-3.5.0.jar:/Users/tanishakothiyal/.m2/repository/com/fasterxml/jackson/core/jackson-annotations/2.18.3/jackson-annotations-2.18.3.jar:/Users/tanishakothiyal/.m2/repository/com/fasterxml/jackson/core/jackson-databind/2.18.3/jackson-databind-2.18.3.jar:/Users/tanishakothiyal/.m2/repository/com/fasterxml/jackson/core/jackson-core/2.18.3/jackson-core-2.18.3.jar:/Users/tanishakothiyal/.m2/repository/org/slf4j/jcl-over-slf4j/1.7.30/jcl-over-slf4j-1.7.30.jar:/Users/tanishakothiyal/.m2/repository/com/github/docker-java/docker-java-transport-httpclient5/3.5.0/docker-java-transport-httpclient5-3.5.0.jar:/Users/tanishakothiyal/.m2/repository/com/github/docker-java/docker-java-transport/3.5.0/docker-java-transport-3.5.0.jar:/Users/tanishakothiyal/.m2/repository/net/java/dev/jna/jna/5.17.0/jna-5.17.0.jar:/Users/tanishakothiyal/.m2/repository/org/brotli/dec/0.1.2/dec-0.1.2.jar:/Users/tanishakothiyal/.m2/repository/org/apache/commons/commons-lang3/3.17.0/commons-lang3-3.17.0.jar:/Users/tanishakothiyal/.m2/repository/org/apache/commons/commons-compress/1.27.1/commons-compress-1.27.1.jar:/Users/tanishakothiyal/.m2/repository/commons-codec/commons-codec/1.17.1/commons-codec-1.17.1.jar:/Users/tanishakothiyal/.m2/repository/commons-io/commons-io/2.16.1/commons-io-2.16.1.jar:/Users/tanishakothiyal/.m2/repository/org/apache/httpcomponents/client5/httpclient5/5.4.3/httpclient5-5.4.3.jar:/Users/tanishakothiyal/.m2/repository/org/apache/httpcomponents/core5/httpcore5/5.3.4/httpcore5-5.3.4.jar:/Users/tanishakothiyal/.m2/repository/org/apache/httpcomponents/core5/httpcore5-h2/5.3.4/httpcore5-h2-5.3.4.jar:/Users/tanishakothiyal/.m2/repository/io/qameta/allure/allure-testng/2.29.1/allure-testng-2.29.1.jar:/Users/tanishakothiyal/.m2/repository/io/qameta/allure/allure-java-commons/2.29.1/allure-java-commons-2.29.1.jar:/Users/tanishakothiyal/.m2/repository/io/qameta/allure/allure-model/2.29.1/allure-model-2.29.1.jar:/Users/tanishakothiyal/.m2/repository/io/qameta/allure/allure-test-filter/2.29.1/allure-test-filter-2.29.1.jar:/Users/tanishakothiyal/.m2/repository/io/qameta/allure/allure-cucumber7-jvm/2.24.0/allure-cucumber7-jvm-2.24.0.jar:/Users/tanishakothiyal/.m2/repository/io/cucumber/gherkin/26.2.0/gherkin-26.2.0.jar:/Users/tanishakothiyal/.m2/repository/org/slf4j/slf4j-simple/2.0.9/slf4j-simple-2.0.9.jar:/Users/tanishakothiyal/.m2/repository/io/rest-assured/rest-assured/5.5.0/rest-assured-5.5.0.jar:/Users/tanishakothiyal/.m2/repository/org/apache/groovy/groovy/4.0.22/groovy-4.0.22.jar:/Users/tanishakothiyal/.m2/repository/org/apache/groovy/groovy-xml/4.0.22/groovy-xml-4.0.22.jar:/Users/tanishakothiyal/.m2/repository/org/apache/httpcomponents/httpclient/4.5.13/httpclient-4.5.13.jar:/Users/tanishakothiyal/.m2/repository/org/apache/httpcomponents/httpcore/4.4.13/httpcore-4.4.13.jar:/Users/tanishakothiyal/.m2/repository/commons-logging/commons-logging/1.2/commons-logging-1.2.jar:/Users/tanishakothiyal/.m2/repository/org/apache/httpcomponents/httpmime/4.5.13/httpmime-4.5.13.jar:/Users/tanishakothiyal/.m2/repository/org/hamcrest/hamcrest/2.2/hamcrest-2.2.jar:/Users/tanishakothiyal/.m2/repository/org/ccil/cowan/tagsoup/tagsoup/1.2.1/tagsoup-1.2.1.jar:/Users/tanishakothiyal/.m2/repository/io/rest-assured/json-path/5.5.0/json-path-5.5.0.jar:/Users/tanishakothiyal/.m2/repository/org/apache/groovy/groovy-json/4.0.22/groovy-json-4.0.22.jar:/Users/tanishakothiyal/.m2/repository/io/rest-assured/rest-assured-common/5.5.0/rest-assured-common-5.5.0.jar:/Users/tanishakothiyal/.m2/repository/io/rest-assured/xml-path/5.5.0/xml-path-5.5.0.jar:"/>
    <property name="sun.cpu.endian" value="little"/>
    <property name="user.home" value="/Users/tanishakothiyal"/>
    <property name="user.language" value="en"/>
    <property name="java.specification.vendor" value="Oracle Corporation"/>
    <property name="java.version.date" value="2025-01-21"/>
    <property name="java.home" value="/opt/homebrew/Cellar/openjdk/23.0.2/libexec/openjdk.jdk/Contents/Home"/>
    <property name="file.separator" value="/"/>
    <property name="basedir" value="/Users/tanishakothiyal/eclipse-workspace/AutomationPractice"/>
    <property name="java.vm.compressedOopsMode" value="Zero based"/>
    <property name="line.separator" value="&#10;"/>
    <property name="java.vm.specification.vendor" value="Oracle Corporation"/>
    <property name="java.specification.name" value="Java Platform API Specification"/>
    <property name="apple.awt.application.name" value="ForkedBooter"/>
    <property name="surefire.real.class.path" value="/Users/tanishakothiyal/eclipse-workspace/AutomationPractice/target/surefire/surefirebooter-20250417132916064_3.jar"/>
    <property name="sun.management.compiler" value="HotSpot 64-Bit Tiered Compilers"/>
    <property name="ftp.nonProxyHosts" value="local|*.local|169.254/16|*.169.254/16"/>
    <property name="java.runtime.version" value="23.0.2"/>
    <property name="user.name" value="tanishakothiyal"/>
    <property name="stdout.encoding" value="UTF-8"/>
    <property name="path.separator" value=":"/>
    <property name="os.version" value="14.4.1"/>
    <property name="java.runtime.name" value="OpenJDK Runtime Environment"/>
    <property name="file.encoding" value="UTF-8"/>
    <property name="java.vm.name" value="OpenJDK 64-Bit Server VM"/>
    <property name="java.vendor.version" value="Homebrew"/>
    <property name="localRepository" value="/Users/tanishakothiyal/.m2/repository"/>
    <property name="java.vendor.url.bug" value="https://github.com/Homebrew/homebrew-core/issues"/>
    <property name="java.io.tmpdir" value="/var/folders/w4/_tpxrz7s771bmvyx4_4gblmh0000gp/T/"/>
    <property name="java.version" value="23.0.2"/>
    <property name="user.dir" value="/Users/tanishakothiyal/eclipse-workspace/AutomationPractice"/>
    <property name="os.arch" value="aarch64"/>
    <property name="java.vm.specification.name" value="Java Virtual Machine Specification"/>
    <property name="native.encoding" value="UTF-8"/>
    <property name="java.library.path" value="/Users/tanishakothiyal/Library/Java/Extensions:/Library/Java/Extensions:/Network/Library/Java/Extensions:/System/Library/Java/Extensions:/usr/lib/java:."/>
    <property name="java.vm.info" value="mixed mode, sharing"/>
    <property name="stderr.encoding" value="UTF-8"/>
    <property name="java.vendor" value="Homebrew"/>
    <property name="java.vm.version" value="23.0.2"/>
    <property name="sun.io.unicode.encoding" value="UnicodeBig"/>
    <property name="socksNonProxyHosts" value="local|*.local|169.254/16|*.169.254/16"/>
    <property name="java.class.version" value="67.0"/>
  </properties>
  <testcase name="testGetProducts" classname="api.ProductAPITest" time="1.837">
    <failure message="1 expectation failed.&#10;Expected status code &lt;200&gt; but was &lt;401&gt;.&#10;" type="java.lang.AssertionError"><![CDATA[java.lang.AssertionError: 
1 expectation failed.
Expected status code <200> but was <401>.

	at java.base/jdk.internal.reflect.DirectConstructorHandleAccessor.newInstance(DirectConstructorHandleAccessor.java:62)
	at java.base/java.lang.reflect.Constructor.newInstanceWithCaller(Constructor.java:501)
	at java.base/java.lang.reflect.Constructor.newInstance(Constructor.java:485)
	at org.codehaus.groovy.reflection.CachedConstructor.invoke(CachedConstructor.java:73)
	at org.codehaus.groovy.runtime.callsite.ConstructorSite$ConstructorSiteNoUnwrapNoCoerce.callConstructor(ConstructorSite.java:108)
	at org.codehaus.groovy.runtime.callsite.CallSiteArray.defaultCallConstructor(CallSiteArray.java:57)
	at org.codehaus.groovy.runtime.callsite.AbstractCallSite.callConstructor(AbstractCallSite.java:263)
	at org.codehaus.groovy.runtime.callsite.AbstractCallSite.callConstructor(AbstractCallSite.java:277)
	at io.restassured.internal.ResponseSpecificationImpl$HamcrestAssertionClosure.validate(ResponseSpecificationImpl.groovy:512)
	at io.restassured.internal.ResponseSpecificationImpl$HamcrestAssertionClosure$validate$1.call(Unknown Source)
	at org.codehaus.groovy.runtime.callsite.CallSiteArray.defaultCall(CallSiteArray.java:45)
	at org.codehaus.groovy.runtime.callsite.AbstractCallSite.call(AbstractCallSite.java:125)
	at org.codehaus.groovy.runtime.callsite.AbstractCallSite.call(AbstractCallSite.java:139)
	at io.restassured.internal.ResponseSpecificationImpl.validateResponseIfRequired(ResponseSpecificationImpl.groovy:696)
	at io.restassured.internal.ResponseSpecificationImpl.this$2$validateResponseIfRequired(ResponseSpecificationImpl.groovy)
	at java.base/jdk.internal.reflect.DirectMethodHandleAccessor.invoke(DirectMethodHandleAccessor.java:103)
	at java.base/java.lang.reflect.Method.invoke(Method.java:580)
	at org.codehaus.groovy.runtime.callsite.PlainObjectMetaMethodSite.doInvoke(PlainObjectMetaMethodSite.java:43)
	at org.codehaus.groovy.runtime.callsite.PogoMetaMethodSite$PogoCachedMethodSiteNoUnwrapNoCoerce.invoke(PogoMetaMethodSite.java:198)
	at org.codehaus.groovy.runtime.callsite.PogoMetaMethodSite.callCurrent(PogoMetaMethodSite.java:62)
	at org.codehaus.groovy.runtime.callsite.CallSiteArray.defaultCallCurrent(CallSiteArray.java:49)
	at org.codehaus.groovy.runtime.callsite.AbstractCallSite.callCurrent(AbstractCallSite.java:171)
	at org.codehaus.groovy.runtime.callsite.AbstractCallSite.callCurrent(AbstractCallSite.java:185)
	at io.restassured.internal.ResponseSpecificationImpl.statusCode(ResponseSpecificationImpl.groovy:135)
	at io.restassured.specification.ResponseSpecification$statusCode$0.callCurrent(Unknown Source)
	at org.codehaus.groovy.runtime.callsite.CallSiteArray.defaultCallCurrent(CallSiteArray.java:49)
	at org.codehaus.groovy.runtime.callsite.AbstractCallSite.callCurrent(AbstractCallSite.java:171)
	at org.codehaus.groovy.runtime.callsite.AbstractCallSite.callCurrent(AbstractCallSite.java:185)
	at io.restassured.internal.ResponseSpecificationImpl.statusCode(ResponseSpecificationImpl.groovy:143)
	at io.restassured.internal.ValidatableResponseOptionsImpl.statusCode(ValidatableResponseOptionsImpl.java:89)
	at api.ProductAPITest.testGetProducts(ProductAPITest.java:26)
	at java.base/jdk.internal.reflect.DirectMethodHandleAccessor.invoke(DirectMethodHandleAccessor.java:103)
	at java.base/java.lang.reflect.Method.invoke(Method.java:580)
	at org.testng.internal.invokers.MethodInvocationHelper.invokeMethod(MethodInvocationHelper.java:141)
	at org.testng.internal.invokers.TestInvoker.invokeMethod(TestInvoker.java:687)
	at org.testng.internal.invokers.TestInvoker.invokeTestMethod(TestInvoker.java:230)
	at org.testng.internal.invokers.MethodRunner.runInSequence(MethodRunner.java:63)
	at org.testng.internal.invokers.TestInvoker$MethodInvocationAgent.invoke(TestInvoker.java:995)
	at org.testng.internal.invokers.TestInvoker.invokeTestMethods(TestInvoker.java:203)
	at org.testng.internal.invokers.TestMethodWorker.invokeTestMethods(TestMethodWorker.java:154)
	at org.testng.internal.invokers.TestMethodWorker.run(TestMethodWorker.java:134)
	at java.base/java.util.ArrayList.forEach(ArrayList.java:1597)
	at org.testng.TestRunner.privateRun(TestRunner.java:741)
	at org.testng.TestRunner.run(TestRunner.java:616)
	at org.testng.SuiteRunner.runTest(SuiteRunner.java:421)
	at org.testng.SuiteRunner.runSequentially(SuiteRunner.java:413)
	at org.testng.SuiteRunner.privateRun(SuiteRunner.java:373)
	at org.testng.SuiteRunner.run(SuiteRunner.java:312)
	at org.testng.SuiteRunnerWorker.runSuite(SuiteRunnerWorker.java:52)
	at org.testng.SuiteRunnerWorker.run(SuiteRunnerWorker.java:95)
	at org.testng.TestNG.runSuitesSequentially(TestNG.java:1274)
	at org.testng.TestNG.runSuitesLocally(TestNG.java:1208)
	at org.testng.TestNG.runSuites(TestNG.java:1112)
	at org.testng.TestNG.run(TestNG.java:1079)
	at org.apache.maven.surefire.testng.TestNGExecutor.run(TestNGExecutor.java:155)
	at org.apache.maven.surefire.testng.TestNGDirectoryTestSuite.executeMulti(TestNGDirectoryTestSuite.java:169)
	at org.apache.maven.surefire.testng.TestNGDirectoryTestSuite.execute(TestNGDirectoryTestSuite.java:88)
	at org.apache.maven.surefire.testng.TestNGProvider.invoke(TestNGProvider.java:137)
	at org.apache.maven.surefire.booter.ForkedBooter.runSuitesInProcess(ForkedBooter.java:385)
	at org.apache.maven.surefire.booter.ForkedBooter.execute(ForkedBooter.java:162)
	at org.apache.maven.surefire.booter.ForkedBooter.run(ForkedBooter.java:507)
	at org.apache.maven.surefire.booter.ForkedBooter.main(ForkedBooter.java:495)
]]></failure>
  </testcase>
  <testcase name="runScenario[&quot;User selects colour and size and adds product to cart&quot;, &quot;Add to cart with product variants&quot;](1)" classname="runners.TestRunner" time="10.603">
    <system-out><![CDATA[
Scenario Outline: User selects colour and size and adds product to cart          # src/test/resources/features/addToCart.feature:18
  Given the user is on the Product Detail Page                                   # steps.AddToCartSteps.the_user_is_on_the_product_detail_page()
  When the user selects the colour "Orange"                                      # steps.AddToCartSteps.user_selects_colour(java.lang.String)
  And the user selects the size "M"                                              # steps.AddToCartSteps.user_selects_size(java.lang.String)
  And the user clicks on the "Add to Cart" button                                # steps.AddToCartSteps.user_clicks_on_button(java.lang.String)
  Then the product with colour "Orange" and size "M" should be added to the cart # steps.AddToCartSteps.verify_product_added(java.lang.String,java.lang.String)
  And the cart icon should show 1 item                                           # steps.AddToCartSteps.cart_icon_should_show_item(int)
  And the user should see a success message confirming the product was added     # steps.AddToCartSteps.user_should_see_success_message()
]]></system-out>
  </testcase>
  <testcase name="runScenario[&quot;Valid user logs in successfully&quot;, &quot;User Login&quot;](2)" classname="runners.TestRunner" time="7.013">
    <system-out><![CDATA[
Scenario: Valid user logs in successfully               # src/test/resources/features/login.feature:3
  Given User is on the login page                       # steps.LoginSteps.user_is_on_login_page()
  When User enters valid credentials                    # steps.LoginSteps.user_enters_valid_credentials()
  Then User should be logged in and see their dashboard # steps.LoginSteps.user_should_see_dashboard()
]]></system-out>
  </testcase>
</testsuite>