<?xml version="1.0" encoding="UTF-8"?>
<!-- Generated by org.testng.reporters.JUnitReportReporter -->
<testsuite hostname="Ekanshs-MacBook-Air.local" failures="0" tests="2" name="runners.TestRunner" time="17.616" errors="0" timestamp="2025-04-17T13:29:36 IST" skipped="0">
  <testcase classname="runners.TestRunner" name="runScenario" time="7.012"/>
  <testcase classname="runners.TestRunner" name="runScenario" time="10.604"/>
</testsuite> <!-- runners.TestRunner -->
